mode: set
github.com/coding-kiko/GoKit-Project-Bootcamp/GRPCServiceA/pkg/user/endpoints.go:15.41,20.2 1 0
github.com/coding-kiko/GoKit-Project-Bootcamp/GRPCServiceA/pkg/user/endpoints.go:22.55,23.77 1 0
github.com/coding-kiko/GoKit-Project-Bootcamp/GRPCServiceA/pkg/user/endpoints.go:23.77,26.17 3 0
github.com/coding-kiko/GoKit-Project-Bootcamp/GRPCServiceA/pkg/user/endpoints.go:29.3,29.19 1 0
github.com/coding-kiko/GoKit-Project-Bootcamp/GRPCServiceA/pkg/user/endpoints.go:26.17,28.4 1 0
github.com/coding-kiko/GoKit-Project-Bootcamp/GRPCServiceA/pkg/user/endpoints.go:33.58,34.77 1 0
github.com/coding-kiko/GoKit-Project-Bootcamp/GRPCServiceA/pkg/user/endpoints.go:34.77,37.17 3 0
github.com/coding-kiko/GoKit-Project-Bootcamp/GRPCServiceA/pkg/user/endpoints.go:40.3,40.25 1 0
github.com/coding-kiko/GoKit-Project-Bootcamp/GRPCServiceA/pkg/user/endpoints.go:37.17,39.4 1 0
github.com/coding-kiko/GoKit-Project-Bootcamp/GRPCServiceA/pkg/user/repository.go:25.51,30.2 1 1
github.com/coding-kiko/GoKit-Project-Bootcamp/GRPCServiceA/pkg/user/repository.go:33.91,39.16 5 1
github.com/coding-kiko/GoKit-Project-Bootcamp/GRPCServiceA/pkg/user/repository.go:43.2,46.16 3 1
github.com/coding-kiko/GoKit-Project-Bootcamp/GRPCServiceA/pkg/user/repository.go:54.2,54.18 1 1
github.com/coding-kiko/GoKit-Project-Bootcamp/GRPCServiceA/pkg/user/repository.go:39.16,42.3 2 0
github.com/coding-kiko/GoKit-Project-Bootcamp/GRPCServiceA/pkg/user/repository.go:46.16,47.27 1 1
github.com/coding-kiko/GoKit-Project-Bootcamp/GRPCServiceA/pkg/user/repository.go:51.3,52.32 2 0
github.com/coding-kiko/GoKit-Project-Bootcamp/GRPCServiceA/pkg/user/repository.go:47.27,50.4 2 1
github.com/coding-kiko/GoKit-Project-Bootcamp/GRPCServiceA/pkg/user/repository.go:58.100,62.74 2 0
github.com/coding-kiko/GoKit-Project-Bootcamp/GRPCServiceA/pkg/user/repository.go:67.2,72.16 5 0
github.com/coding-kiko/GoKit-Project-Bootcamp/GRPCServiceA/pkg/user/repository.go:76.2,79.16 3 0
github.com/coding-kiko/GoKit-Project-Bootcamp/GRPCServiceA/pkg/user/repository.go:83.2,86.8 1 0
github.com/coding-kiko/GoKit-Project-Bootcamp/GRPCServiceA/pkg/user/repository.go:62.74,65.3 2 0
github.com/coding-kiko/GoKit-Project-Bootcamp/GRPCServiceA/pkg/user/repository.go:72.16,75.3 2 0
github.com/coding-kiko/GoKit-Project-Bootcamp/GRPCServiceA/pkg/user/repository.go:79.16,82.3 2 0
github.com/coding-kiko/GoKit-Project-Bootcamp/GRPCServiceA/pkg/user/service.go:21.67,26.2 1 1
github.com/coding-kiko/GoKit-Project-Bootcamp/GRPCServiceA/pkg/user/service.go:28.90,30.16 2 1
github.com/coding-kiko/GoKit-Project-Bootcamp/GRPCServiceA/pkg/user/service.go:33.2,33.18 1 1
github.com/coding-kiko/GoKit-Project-Bootcamp/GRPCServiceA/pkg/user/service.go:30.16,32.3 1 1
github.com/coding-kiko/GoKit-Project-Bootcamp/GRPCServiceA/pkg/user/service.go:36.99,38.16 2 1
github.com/coding-kiko/GoKit-Project-Bootcamp/GRPCServiceA/pkg/user/service.go:41.2,41.18 1 1
github.com/coding-kiko/GoKit-Project-Bootcamp/GRPCServiceA/pkg/user/service.go:38.16,40.3 1 1
github.com/coding-kiko/GoKit-Project-Bootcamp/GRPCServiceA/pkg/user/transport.go:19.85,32.2 1 0
github.com/coding-kiko/GoKit-Project-Bootcamp/GRPCServiceA/pkg/user/transport.go:35.102,37.16 2 0
github.com/coding-kiko/GoKit-Project-Bootcamp/GRPCServiceA/pkg/user/transport.go:42.2,42.39 1 0
github.com/coding-kiko/GoKit-Project-Bootcamp/GRPCServiceA/pkg/user/transport.go:37.16,41.3 3 0
github.com/coding-kiko/GoKit-Project-Bootcamp/GRPCServiceA/pkg/user/transport.go:46.86,49.2 2 0
github.com/coding-kiko/GoKit-Project-Bootcamp/GRPCServiceA/pkg/user/transport.go:52.88,54.9 2 0
github.com/coding-kiko/GoKit-Project-Bootcamp/GRPCServiceA/pkg/user/transport.go:59.2,68.8 1 0
github.com/coding-kiko/GoKit-Project-Bootcamp/GRPCServiceA/pkg/user/transport.go:54.9,58.3 1 0
github.com/coding-kiko/GoKit-Project-Bootcamp/GRPCServiceA/pkg/user/transport.go:71.111,73.16 2 0
github.com/coding-kiko/GoKit-Project-Bootcamp/GRPCServiceA/pkg/user/transport.go:78.2,78.42 1 0
github.com/coding-kiko/GoKit-Project-Bootcamp/GRPCServiceA/pkg/user/transport.go:73.16,77.3 3 0
github.com/coding-kiko/GoKit-Project-Bootcamp/GRPCServiceA/pkg/user/transport.go:80.89,90.2 2 0
github.com/coding-kiko/GoKit-Project-Bootcamp/GRPCServiceA/pkg/user/transport.go:92.91,94.9 2 0
github.com/coding-kiko/GoKit-Project-Bootcamp/GRPCServiceA/pkg/user/transport.go:99.2,103.8 1 0
github.com/coding-kiko/GoKit-Project-Bootcamp/GRPCServiceA/pkg/user/transport.go:94.9,98.3 1 0
